Determining if the pthread_create exist failed with the following output:
Change Dir: /home/ashish/Desktop/CPPMatrixLib/Build/CMakeFiles/CMakeTmp

Run Build Command:"/usr/bin/make" "cmTC_fd398/fast"
/usr/bin/make -f CMakeFiles/cmTC_fd398.dir/build.make CMakeFiles/cmTC_fd398.dir/build
make[1]: Entering directory '/home/ashish/Desktop/CPPMatrixLib/Build/CMakeFiles/CMakeTmp'
Building C object CMakeFiles/cmTC_fd398.dir/CheckSymbolExists.c.o
/usr/bin/cc    -o CMakeFiles/cmTC_fd398.dir/CheckSymbolExists.c.o   -c /home/ashish/Desktop/CPPMatrixLib/Build/CMakeFiles/CMakeTmp/CheckSymbolExists.c
Linking C executable cmTC_fd398
/usr/bin/cmake -E cmake_link_script CMakeFiles/cmTC_fd398.dir/link.txt --verbose=1
/usr/bin/cc      -rdynamic CMakeFiles/cmTC_fd398.dir/CheckSymbolExists.c.o  -o cmTC_fd398 
CMakeFiles/cmTC_fd398.dir/CheckSymbolExists.c.o: In function `main':
CheckSymbolExists.c:(.text+0x1b): undefined reference to `pthread_create'
collect2: error: ld returned 1 exit status
CMakeFiles/cmTC_fd398.dir/build.make:97: recipe for target 'cmTC_fd398' failed
make[1]: *** [cmTC_fd398] Error 1
make[1]: Leaving directory '/home/ashish/Desktop/CPPMatrixLib/Build/CMakeFiles/CMakeTmp'
Makefile:126: recipe for target 'cmTC_fd398/fast' failed
make: *** [cmTC_fd398/fast] Error 2

File /home/ashish/Desktop/CPPMatrixLib/Build/CMakeFiles/CMakeTmp/CheckSymbolExists.c:
/* */
#include <pthread.h>

int main(int argc, char** argv)
{
  (void)argv;
#ifndef pthread_create
  return ((int*)(&pthread_create))[argc];
#else
  (void)argc;
  return 0;
#endif
}

Determining if the function pthread_create exists in the pthreads failed with the following output:
Change Dir: /home/ashish/Desktop/CPPMatrixLib/Build/CMakeFiles/CMakeTmp

Run Build Command:"/usr/bin/make" "cmTC_03a60/fast"
/usr/bin/make -f CMakeFiles/cmTC_03a60.dir/build.make CMakeFiles/cmTC_03a60.dir/build
make[1]: Entering directory '/home/ashish/Desktop/CPPMatrixLib/Build/CMakeFiles/CMakeTmp'
Building C object CMakeFiles/cmTC_03a60.dir/CheckFunctionExists.c.o
/usr/bin/cc   -DCHECK_FUNCTION_EXISTS=pthread_create   -o CMakeFiles/cmTC_03a60.dir/CheckFunctionExists.c.o   -c /usr/share/cmake-3.10/Modules/CheckFunctionExists.c
Linking C executable cmTC_03a60
/usr/bin/cmake -E cmake_link_script CMakeFiles/cmTC_03a60.dir/link.txt --verbose=1
/usr/bin/cc  -DCHECK_FUNCTION_EXISTS=pthread_create    -rdynamic CMakeFiles/cmTC_03a60.dir/CheckFunctionExists.c.o  -o cmTC_03a60 -lpthreads 
/usr/bin/ld: cannot find -lpthreads
collect2: error: ld returned 1 exit status
CMakeFiles/cmTC_03a60.dir/build.make:97: recipe for target 'cmTC_03a60' failed
make[1]: *** [cmTC_03a60] Error 1
make[1]: Leaving directory '/home/ashish/Desktop/CPPMatrixLib/Build/CMakeFiles/CMakeTmp'
Makefile:126: recipe for target 'cmTC_03a60/fast' failed
make: *** [cmTC_03a60/fast] Error 2


